<?xml version="1.0" encoding="UTF-8"?>
<coverage generated="1744958565512" clover="3.2.0">
  <project timestamp="1744958565512" name="All files">
    <metrics statements="52" coveredstatements="52" conditionals="9" coveredconditionals="8" methods="20" coveredmethods="20" elements="81" coveredelements="80" complexity="0" loc="52" ncloc="52" packages="3" files="5" classes="5"/>
    <package name="src">
      <metrics statements="0" coveredstatements="0" conditionals="0" coveredconditionals="0" methods="0" coveredmethods="0"/>
      <file name="index.js" path="C:\Users\yeohj\OneDrive\Desktop\FYP2\Code\blockchain-adoption-ml\src\index.js">
        <metrics statements="0" coveredstatements="0" conditionals="0" coveredconditionals="0" methods="0" coveredmethods="0"/>
      </file>
    </package>
    <package name="src.models">
      <metrics statements="0" coveredstatements="0" conditionals="0" coveredconditionals="0" methods="0" coveredmethods="0"/>
      <file name="decisionTree.js" path="C:\Users\yeohj\OneDrive\Desktop\FYP2\Code\blockchain-adoption-ml\src\models\decisionTree.js">
        <metrics statements="0" coveredstatements="0" conditionals="0" coveredconditionals="0" methods="0" coveredmethods="0"/>
      </file>
      <file name="linearRegression.js" path="C:\Users\yeohj\OneDrive\Desktop\FYP2\Code\blockchain-adoption-ml\src\models\linearRegression.js">
        <metrics statements="0" coveredstatements="0" conditionals="0" coveredconditionals="0" methods="0" coveredmethods="0"/>
      </file>
    </package>
    <package name="src.utils">
      <metrics statements="52" coveredstatements="52" conditionals="9" coveredconditionals="8" methods="20" coveredmethods="20"/>
      <file name="dataLoader.js" path="C:\Users\yeohj\OneDrive\Desktop\FYP2\Code\blockchain-adoption-ml\src\utils\dataLoader.js">
        <metrics statements="52" coveredstatements="52" conditionals="9" coveredconditionals="8" methods="20" coveredmethods="20"/>
        <line num="1" count="2" type="stmt"/>
        <line num="2" count="2" type="stmt"/>
        <line num="3" count="2" type="stmt"/>
        <line num="6" count="2" type="stmt"/>
        <line num="20" count="4" type="stmt"/>
        <line num="22" count="4" type="stmt"/>
        <line num="28" count="4" type="cond" truecount="2" falsecount="0"/>
        <line num="29" count="1" type="stmt"/>
        <line num="32" count="4" type="stmt"/>
        <line num="37" count="4" type="stmt"/>
        <line num="39" count="4" type="stmt"/>
        <line num="40" count="36" type="stmt"/>
        <line num="42" count="36" type="stmt"/>
        <line num="43" count="1728" type="stmt"/>
        <line num="44" count="1728" type="stmt"/>
        <line num="45" count="5952" type="stmt"/>
        <line num="46" count="5952" type="cond" truecount="2" falsecount="0"/>
        <line num="48" count="1728" type="cond" truecount="2" falsecount="0"/>
        <line num="49" count="5782" type="stmt"/>
        <line num="50" count="1681" type="stmt"/>
        <line num="52" count="47" type="stmt"/>
        <line num="57" count="4" type="stmt"/>
        <line num="62" count="3" type="stmt"/>
        <line num="63" count="3" type="stmt"/>
        <line num="65" count="3" type="stmt"/>
        <line num="66" count="189" type="stmt"/>
        <line num="67" count="1681" type="stmt"/>
        <line num="70" count="189" type="cond" truecount="2" falsecount="0"/>
        <line num="71" count="188" type="stmt"/>
        <line num="72" count="188" type="stmt"/>
        <line num="73" count="1680" type="stmt"/>
        <line num="75" count="188" type="stmt"/>
        <line num="79" count="3" type="stmt"/>
        <line num="84" count="2" type="stmt"/>
        <line num="85" count="562" type="stmt"/>
        <line num="88" count="188" type="stmt"/>
        <line num="90" count="2" type="stmt"/>
        <line num="95" count="3" type="stmt"/>
        <line num="96" count="3" type="stmt"/>
        <line num="97" count="3" type="stmt"/>
        <line num="100" count="192" type="stmt"/>
        <line num="101" count="3" type="stmt"/>
        <line num="102" count="189" type="stmt"/>
        <line num="103" count="189" type="stmt"/>
        <line num="106" count="3" type="stmt"/>
        <line num="107" count="3" type="stmt"/>
        <line num="109" count="3" type="stmt"/>
        <line num="110" count="153" type="stmt"/>
        <line num="111" count="153" type="stmt"/>
        <line num="112" count="39" type="stmt"/>
        <line num="113" count="39" type="stmt"/>
        <line num="117" count="2" type="stmt"/>
      </file>
      <file name="evaluation.js" path="C:\Users\yeohj\OneDrive\Desktop\FYP2\Code\blockchain-adoption-ml\src\utils\evaluation.js">
        <metrics statements="0" coveredstatements="0" conditionals="0" coveredconditionals="0" methods="0" coveredmethods="0"/>
      </file>
    </package>
  </project>
</coverage>
