{"C:\\Users\\yeohj\\OneDrive\\Desktop\\FYP2\\Code\\blockchain-adoption-ml\\src\\index.js": {"path":"C:\\Users\\yeohj\\OneDrive\\Desktop\\FYP2\\Code\\blockchain-adoption-ml\\src\\index.js","statementMap":{},"fnMap":{},"branchMap":{},"s":{},"f":{},"b":{}}
,"C:\\Users\\yeohj\\OneDrive\\Desktop\\FYP2\\Code\\blockchain-adoption-ml\\src\\models\\decisionTree.js": {"path":"C:\\Users\\yeohj\\OneDrive\\Desktop\\FYP2\\Code\\blockchain-adoption-ml\\src\\models\\decisionTree.js","statementMap":{},"fnMap":{},"branchMap":{},"s":{},"f":{},"b":{}}
,"C:\\Users\\yeohj\\OneDrive\\Desktop\\FYP2\\Code\\blockchain-adoption-ml\\src\\models\\linearRegression.js": {"path":"C:\\Users\\yeohj\\OneDrive\\Desktop\\FYP2\\Code\\blockchain-adoption-ml\\src\\models\\linearRegression.js","statementMap":{},"fnMap":{},"branchMap":{},"s":{},"f":{},"b":{}}
,"C:\\Users\\yeohj\\OneDrive\\Desktop\\FYP2\\Code\\blockchain-adoption-ml\\src\\utils\\dataLoader.js": {"path":"C:\\Users\\yeohj\\OneDrive\\Desktop\\FYP2\\Code\\blockchain-adoption-ml\\src\\utils\\dataLoader.js","statementMap":{"0":{"start":{"line":1,"column":11},"end":{"line":1,"column":24}},"1":{"start":{"line":2,"column":13},"end":{"line":2,"column":28}},"2":{"start":{"line":3,"column":13},"end":{"line":3,"column":33}},"3":{"start":{"line":6,"column":29},"end":{"line":16,"column":1}},"4":{"start":{"line":20,"column":18},"end":{"line":20,"column":65}},"5":{"start":{"line":22,"column":21},"end":{"line":26,"column":4}},"6":{"start":{"line":28,"column":2},"end":{"line":30,"column":3}},"7":{"start":{"line":29,"column":4},"end":{"line":29,"column":49}},"8":{"start":{"line":32,"column":2},"end":{"line":32,"column":25}},"9":{"start":{"line":37,"column":26},"end":{"line":37,"column":28}},"10":{"start":{"line":39,"column":2},"end":{"line":55,"column":5}},"11":{"start":{"line":40,"column":4},"end":{"line":40,"column":36}},"12":{"start":{"line":42,"column":4},"end":{"line":54,"column":7}},"13":{"start":{"line":43,"column":24},"end":{"line":43,"column":55}},"14":{"start":{"line":44,"column":21},"end":{"line":46,"column":63}},"15":{"start":{"line":45,"column":25},"end":{"line":45,"column":38}},"16":{"start":{"line":46,"column":25},"end":{"line":46,"column":62}},"17":{"start":{"line":48,"column":6},"end":{"line":53,"column":7}},"18":{"start":{"line":49,"column":21},"end":{"line":49,"column":78}},"19":{"start":{"line":49,"column":49},"end":{"line":49,"column":58}},"20":{"start":{"line":50,"column":8},"end":{"line":50,"column":46}},"21":{"start":{"line":52,"column":8},"end":{"line":52,"column":46}},"22":{"start":{"line":57,"column":2},"end":{"line":57,"column":25}},"23":{"start":{"line":62,"column":20},"end":{"line":62,"column":22}},"24":{"start":{"line":63,"column":21},"end":{"line":63,"column":76}},"25":{"start":{"line":65,"column":2},"end":{"line":77,"column":3}},"26":{"start":{"line":65,"column":15},"end":{"line":65,"column":16}},"27":{"start":{"line":66,"column":21},"end":{"line":68,"column":5}},"28":{"start":{"line":67,"column":19},"end":{"line":67,"column":57}},"29":{"start":{"line":70,"column":4},"end":{"line":76,"column":5}},"30":{"start":{"line":71,"column":18},"end":{"line":71,"column":20}},"31":{"start":{"line":72,"column":6},"end":{"line":74,"column":9}},"32":{"start":{"line":73,"column":8},"end":{"line":73,"column":55}},"33":{"start":{"line":75,"column":6},"end":{"line":75,"column":26}},"34":{"start":{"line":79,"column":2},"end":{"line":79,"column":19}},"35":{"start":{"line":84,"column":19},"end":{"line":86,"column":3}},"36":{"start":{"line":85,"column":4},"end":{"line":85,"column":45}},"37":{"start":{"line":85,"column":32},"end":{"line":85,"column":44}},"38":{"start":{"line":88,"column":17},"end":{"line":88,"column":54}},"39":{"start":{"line":88,"column":38},"end":{"line":88,"column":53}},"40":{"start":{"line":90,"column":2},"end":{"line":90,"column":30}},"41":{"start":{"line":95,"column":23},"end":{"line":95,"column":38}},"42":{"start":{"line":96,"column":20},"end":{"line":96,"column":55}},"43":{"start":{"line":97,"column":21},"end":{"line":97,"column":45}},"44":{"start":{"line":100,"column":18},"end":{"line":100,"column":67}},"45":{"start":{"line":100,"column":65},"end":{"line":100,"column":66}},"46":{"start":{"line":101,"column":2},"end":{"line":104,"column":3}},"47":{"start":{"line":101,"column":15},"end":{"line":101,"column":33}},"48":{"start":{"line":102,"column":14},"end":{"line":102,"column":49}},"49":{"start":{"line":103,"column":4},"end":{"line":103,"column":56}},"50":{"start":{"line":106,"column":23},"end":{"line":106,"column":51}},"51":{"start":{"line":107,"column":22},"end":{"line":107,"column":47}},"52":{"start":{"line":109,"column":2},"end":{"line":114,"column":4}},"53":{"start":{"line":110,"column":41},"end":{"line":110,"column":52}},"54":{"start":{"line":111,"column":39},"end":{"line":111,"column":48}},"55":{"start":{"line":112,"column":39},"end":{"line":112,"column":50}},"56":{"start":{"line":113,"column":37},"end":{"line":113,"column":46}},"57":{"start":{"line":117,"column":0},"end":{"line":124,"column":2}}},"fnMap":{"0":{"name":"loadData","decl":{"start":{"line":19,"column":9},"end":{"line":19,"column":17}},"loc":{"start":{"line":19,"column":28},"end":{"line":33,"column":1}},"line":19},"1":{"name":"calculateCompositeScores","decl":{"start":{"line":36,"column":9},"end":{"line":36,"column":33}},"loc":{"start":{"line":36,"column":40},"end":{"line":58,"column":1}},"line":36},"2":{"name":"(anonymous_2)","decl":{"start":{"line":39,"column":44},"end":{"line":39,"column":45}},"loc":{"start":{"line":39,"column":57},"end":{"line":55,"column":3}},"line":39},"3":{"name":"(anonymous_3)","decl":{"start":{"line":42,"column":17},"end":{"line":42,"column":18}},"loc":{"start":{"line":42,"column":24},"end":{"line":54,"column":5}},"line":42},"4":{"name":"(anonymous_4)","decl":{"start":{"line":45,"column":13},"end":{"line":45,"column":14}},"loc":{"start":{"line":45,"column":25},"end":{"line":45,"column":38}},"line":45},"5":{"name":"(anonymous_5)","decl":{"start":{"line":46,"column":16},"end":{"line":46,"column":17}},"loc":{"start":{"line":46,"column":25},"end":{"line":46,"column":62}},"line":46},"6":{"name":"(anonymous_6)","decl":{"start":{"line":49,"column":35},"end":{"line":49,"column":36}},"loc":{"start":{"line":49,"column":49},"end":{"line":49,"column":58}},"line":49},"7":{"name":"prepareMLDataset","decl":{"start":{"line":61,"column":9},"end":{"line":61,"column":25}},"loc":{"start":{"line":61,"column":43},"end":{"line":80,"column":1}},"line":61},"8":{"name":"(anonymous_8)","decl":{"start":{"line":67,"column":6},"end":{"line":67,"column":7}},"loc":{"start":{"line":67,"column":19},"end":{"line":67,"column":57}},"line":67},"9":{"name":"(anonymous_9)","decl":{"start":{"line":72,"column":43},"end":{"line":72,"column":44}},"loc":{"start":{"line":72,"column":56},"end":{"line":74,"column":7}},"line":72},"10":{"name":"extractFeaturesAndTarget","decl":{"start":{"line":83,"column":9},"end":{"line":83,"column":33}},"loc":{"start":{"line":83,"column":71},"end":{"line":91,"column":1}},"line":83},"11":{"name":"(anonymous_11)","decl":{"start":{"line":84,"column":33},"end":{"line":84,"column":34}},"loc":{"start":{"line":85,"column":4},"end":{"line":85,"column":45}},"line":85},"12":{"name":"(anonymous_12)","decl":{"start":{"line":85,"column":21},"end":{"line":85,"column":22}},"loc":{"start":{"line":85,"column":32},"end":{"line":85,"column":44}},"line":85},"13":{"name":"(anonymous_13)","decl":{"start":{"line":88,"column":31},"end":{"line":88,"column":32}},"loc":{"start":{"line":88,"column":38},"end":{"line":88,"column":53}},"line":88},"14":{"name":"trainTestSplit","decl":{"start":{"line":94,"column":9},"end":{"line":94,"column":23}},"loc":{"start":{"line":94,"column":58},"end":{"line":115,"column":1}},"line":94},"15":{"name":"(anonymous_15)","decl":{"start":{"line":100,"column":55},"end":{"line":100,"column":56}},"loc":{"start":{"line":100,"column":65},"end":{"line":100,"column":66}},"line":100},"16":{"name":"(anonymous_16)","decl":{"start":{"line":110,"column":36},"end":{"line":110,"column":37}},"loc":{"start":{"line":110,"column":41},"end":{"line":110,"column":52}},"line":110},"17":{"name":"(anonymous_17)","decl":{"start":{"line":111,"column":34},"end":{"line":111,"column":35}},"loc":{"start":{"line":111,"column":39},"end":{"line":111,"column":48}},"line":111},"18":{"name":"(anonymous_18)","decl":{"start":{"line":112,"column":34},"end":{"line":112,"column":35}},"loc":{"start":{"line":112,"column":39},"end":{"line":112,"column":50}},"line":112},"19":{"name":"(anonymous_19)","decl":{"start":{"line":113,"column":32},"end":{"line":113,"column":33}},"loc":{"start":{"line":113,"column":37},"end":{"line":113,"column":46}},"line":113}},"branchMap":{"0":{"loc":{"start":{"line":28,"column":2},"end":{"line":30,"column":3}},"type":"if","locations":[{"start":{"line":28,"column":2},"end":{"line":30,"column":3}},{"start":{},"end":{}}],"line":28},"1":{"loc":{"start":{"line":46,"column":25},"end":{"line":46,"column":62}},"type":"binary-expr","locations":[{"start":{"line":46,"column":25},"end":{"line":46,"column":44}},{"start":{"line":46,"column":48},"end":{"line":46,"column":62}}],"line":46},"2":{"loc":{"start":{"line":48,"column":6},"end":{"line":53,"column":7}},"type":"if","locations":[{"start":{"line":48,"column":6},"end":{"line":53,"column":7}},{"start":{"line":51,"column":13},"end":{"line":53,"column":7}}],"line":48},"3":{"loc":{"start":{"line":70,"column":4},"end":{"line":76,"column":5}},"type":"if","locations":[{"start":{"line":70,"column":4},"end":{"line":76,"column":5}},{"start":{},"end":{}}],"line":70},"4":{"loc":{"start":{"line":94,"column":42},"end":{"line":94,"column":56}},"type":"default-arg","locations":[{"start":{"line":94,"column":53},"end":{"line":94,"column":56}}],"line":94}},"s":{"0":2,"1":2,"2":2,"3":2,"4":4,"5":4,"6":4,"7":1,"8":4,"9":4,"10":4,"11":36,"12":36,"13":1728,"14":1728,"15":5952,"16":5952,"17":1728,"18":1681,"19":5782,"20":1681,"21":47,"22":4,"23":3,"24":3,"25":3,"26":3,"27":189,"28":1681,"29":189,"30":188,"31":188,"32":1680,"33":188,"34":3,"35":2,"36":188,"37":562,"38":2,"39":188,"40":2,"41":3,"42":3,"43":3,"44":3,"45":192,"46":3,"47":3,"48":189,"49":189,"50":3,"51":3,"52":3,"53":153,"54":153,"55":39,"56":39,"57":2},"f":{"0":4,"1":4,"2":36,"3":1728,"4":5952,"5":5952,"6":5782,"7":3,"8":1681,"9":1680,"10":2,"11":188,"12":562,"13":188,"14":3,"15":192,"16":153,"17":153,"18":39,"19":39},"b":{"0":[1,3],"1":[5952,5786],"2":[1681,47],"3":[188,1],"4":[0]},"_coverageSchema":"1a1c01bbd47fc00a2c39e90264f33305004495a9","hash":"2fe9cfc5e55788445a6598f9cfdbc6404faabaf2"}
,"C:\\Users\\yeohj\\OneDrive\\Desktop\\FYP2\\Code\\blockchain-adoption-ml\\src\\utils\\evaluation.js": {"path":"C:\\Users\\yeohj\\OneDrive\\Desktop\\FYP2\\Code\\blockchain-adoption-ml\\src\\utils\\evaluation.js","statementMap":{},"fnMap":{},"branchMap":{},"s":{},"f":{},"b":{}}
}
