TN:
SF:src\index.js
FNF:0
FNH:0
LF:0
LH:0
BRF:0
BRH:0
end_of_record
TN:
SF:src\models\decisionTree.js
FNF:0
FNH:0
LF:0
LH:0
BRF:0
BRH:0
end_of_record
TN:
SF:src\models\linearRegression.js
FNF:0
FNH:0
LF:0
LH:0
BRF:0
BRH:0
end_of_record
TN:
SF:src\utils\dataLoader.js
FN:19,loadData
FN:36,calculateCompositeScores
FN:39,(anonymous_2)
FN:42,(anonymous_3)
FN:45,(anonymous_4)
FN:46,(anonymous_5)
FN:49,(anonymous_6)
FN:61,prepareMLDataset
FN:67,(anonymous_8)
FN:72,(anonymous_9)
FN:83,extractFeaturesAndTarget
FN:84,(anonymous_11)
FN:85,(anonymous_12)
FN:88,(anonymous_13)
FN:94,trainTestSplit
FN:100,(anonymous_15)
FN:110,(anonymous_16)
FN:111,(anonymous_17)
FN:112,(anonymous_18)
FN:113,(anonymous_19)
FNF:20
FNH:20
FNDA:4,loadData
FNDA:4,calculateCompositeScores
FNDA:36,(anonymous_2)
FNDA:1728,(anonymous_3)
FNDA:5952,(anonymous_4)
FNDA:5952,(anonymous_5)
FNDA:5782,(anonymous_6)
FNDA:3,prepareMLDataset
FNDA:1681,(anonymous_8)
FNDA:1680,(anonymous_9)
FNDA:2,extractFeaturesAndTarget
FNDA:188,(anonymous_11)
FNDA:562,(anonymous_12)
FNDA:188,(anonymous_13)
FNDA:3,trainTestSplit
FNDA:192,(anonymous_15)
FNDA:153,(anonymous_16)
FNDA:153,(anonymous_17)
FNDA:39,(anonymous_18)
FNDA:39,(anonymous_19)
DA:1,2
DA:2,2
DA:3,2
DA:6,2
DA:20,4
DA:22,4
DA:28,4
DA:29,1
DA:32,4
DA:37,4
DA:39,4
DA:40,36
DA:42,36
DA:43,1728
DA:44,1728
DA:45,5952
DA:46,5952
DA:48,1728
DA:49,5782
DA:50,1681
DA:52,47
DA:57,4
DA:62,3
DA:63,3
DA:65,3
DA:66,189
DA:67,1681
DA:70,189
DA:71,188
DA:72,188
DA:73,1680
DA:75,188
DA:79,3
DA:84,2
DA:85,562
DA:88,188
DA:90,2
DA:95,3
DA:96,3
DA:97,3
DA:100,192
DA:101,3
DA:102,189
DA:103,189
DA:106,3
DA:107,3
DA:109,3
DA:110,153
DA:111,153
DA:112,39
DA:113,39
DA:117,2
LF:52
LH:52
BRDA:28,0,0,1
BRDA:28,0,1,3
BRDA:46,1,0,5952
BRDA:46,1,1,5786
BRDA:48,2,0,1681
BRDA:48,2,1,47
BRDA:70,3,0,188
BRDA:70,3,1,1
BRDA:94,4,0,0
BRF:9
BRH:8
end_of_record
TN:
SF:src\utils\evaluation.js
FNF:0
FNH:0
LF:0
LH:0
BRF:0
BRH:0
end_of_record
